GET localhost /api/users Sun Jan 26 2025 16:12:13 GMT-0700 (Mountain Standard Time) 2025-01-26T23:12:13.927Z
GET localhost /api/users Sun Jan 26 2025 16:12:48 GMT-0700 (Mountain Standard Time) 2025-01-26T23:12:48.481Z
GET localhost /api/category/displayCategory Sun Jan 26 2025 16:21:21 GMT-0700 (Mountain Standard Time) 2025-01-26T23:21:21.923Z
GET localhost /api/category/displayCategory2 Sun Jan 26 2025 16:21:30 GMT-0700 (Mountain Standard Time) 2025-01-26T23:21:30.878Z
GET localhost /api/category/displayCategory2 Sun Jan 26 2025 16:22:24 GMT-0700 (Mountain Standard Time) 2025-01-26T23:22:24.853Z
GET localhost /api/category/displayCategory2 Sun Jan 26 2025 16:22:35 GMT-0700 (Mountain Standard Time) 2025-01-26T23:22:35.517Z
GET localhost /api/category/displayCategory2 Sun Jan 26 2025 16:23:24 GMT-0700 (Mountain Standard Time) 2025-01-26T23:23:24.419Z
GET localhost /api/category/displayCategory2 Sun Jan 26 2025 16:23:46 GMT-0700 (Mountain Standard Time) 2025-01-26T23:23:46.337Z
GET localhost /error Sun Jan 26 2025 16:25:25 GMT-0700 (Mountain Standard Time) 2025-01-26T23:25:25.031Z
GET localhost /api/books Sun Jan 26 2025 16:27:46 GMT-0700 (Mountain Standard Time) 2025-01-26T23:27:46.371Z
GET localhost /api/books/displayBooks Sun Jan 26 2025 16:27:55 GMT-0700 (Mountain Standard Time) 2025-01-26T23:27:55.734Z
GET localhost /api/books/jnk Sun Jan 26 2025 16:28:00 GMT-0700 (Mountain Standard Time) 2025-01-26T23:28:00.942Z
GET localhost /api/users/displayUser Sun Jan 26 2025 16:42:02 GMT-0700 (Mountain Standard Time) 2025-01-26T23:42:02.766Z
GET localhost /api/users/displayUser Sun Jan 26 2025 16:42:04 GMT-0700 (Mountain Standard Time) 2025-01-26T23:42:04.112Z
GET localhost /api/users/displayUser Sun Jan 26 2025 16:42:04 GMT-0700 (Mountain Standard Time) 2025-01-26T23:42:04.323Z
GET localhost /api/users/displayUser Sun Jan 26 2025 16:42:08 GMT-0700 (Mountain Standard Time) 2025-01-26T23:42:08.014Z
GET localhost /api/users/displayUser Sun Jan 26 2025 16:42:25 GMT-0700 (Mountain Standard Time) 2025-01-26T23:42:25.026Z
GET localhost /api/books/displayBooks Sun Jan 26 2025 16:43:37 GMT-0700 (Mountain Standard Time) 2025-01-26T23:43:37.395Z
GET localhost / Sun Jan 26 2025 16:44:02 GMT-0700 (Mountain Standard Time) 2025-01-26T23:44:02.847Z
GET localhost /api/users/registerUser Sun Jan 26 2025 16:44:32 GMT-0700 (Mountain Standard Time) 2025-01-26T23:44:32.407Z
GET localhost / Mon Jan 27 2025 19:44:53 GMT-0700 (Mountain Standard Time) 2025-01-28T02:44:53.219Z
GET localhost /api/books Mon Jan 27 2025 19:44:59 GMT-0700 (Mountain Standard Time) 2025-01-28T02:44:59.113Z
GET localhost /api/users Mon Jan 27 2025 19:45:09 GMT-0700 (Mountain Standard Time) 2025-01-28T02:45:09.159Z
POST localhost /api/users Mon Jan 27 2025 19:45:39 GMT-0700 (Mountain Standard Time) 2025-01-28T02:45:39.466Z
POST localhost /api/users Mon Jan 27 2025 19:46:25 GMT-0700 (Mountain Standard Time) 2025-01-28T02:46:25.138Z
POST localhost /api/users Mon Jan 27 2025 19:47:09 GMT-0700 (Mountain Standard Time) 2025-01-28T02:47:09.766Z
POST localhost /api/users Mon Jan 27 2025 19:47:22 GMT-0700 (Mountain Standard Time) 2025-01-28T02:47:22.171Z
POST localhost /api/users Mon Jan 27 2025 19:47:51 GMT-0700 (Mountain Standard Time) 2025-01-28T02:47:51.194Z
GET localhost / Mon Jan 27 2025 22:50:33 GMT-0700 (Mountain Standard Time) 2025-01-28T05:50:33.530Z
GET localhost /api/books Mon Jan 27 2025 22:50:50 GMT-0700 (Mountain Standard Time) 2025-01-28T05:50:50.734Z
GET localhost /api/users/registerUser Mon Jan 27 2025 22:51:04 GMT-0700 (Mountain Standard Time) 2025-01-28T05:51:04.638Z
GET localhost /api/users Mon Jan 27 2025 22:51:08 GMT-0700 (Mountain Standard Time) 2025-01-28T05:51:08.152Z
POST localhost /api/users Mon Jan 27 2025 23:06:31 GMT-0700 (Mountain Standard Time) 2025-01-28T06:06:31.940Z
POST localhost /api/users Mon Jan 27 2025 23:06:49 GMT-0700 (Mountain Standard Time) 2025-01-28T06:06:49.456Z
POST localhost /api/users Mon Jan 27 2025 23:07:16 GMT-0700 (Mountain Standard Time) 2025-01-28T06:07:16.158Z
POST localhost /api/users Mon Jan 27 2025 23:07:20 GMT-0700 (Mountain Standard Time) 2025-01-28T06:07:20.988Z
GET localhost /api/users Mon Jan 27 2025 23:07:29 GMT-0700 (Mountain Standard Time) 2025-01-28T06:07:29.054Z
GET localhost /api/users/110 Mon Jan 27 2025 23:07:37 GMT-0700 (Mountain Standard Time) 2025-01-28T06:07:37.436Z
GET localhost /api/users/110 Mon Jan 27 2025 23:08:11 GMT-0700 (Mountain Standard Time) 2025-01-28T06:08:11.892Z
GET localhost /api/users/110 Mon Jan 27 2025 23:08:17 GMT-0700 (Mountain Standard Time) 2025-01-28T06:08:17.231Z
GET localhost /api/users/ Mon Jan 27 2025 23:08:22 GMT-0700 (Mountain Standard Time) 2025-01-28T06:08:22.874Z
GET localhost /api/users Mon Jan 27 2025 23:08:31 GMT-0700 (Mountain Standard Time) 2025-01-28T06:08:31.198Z
GET localhost /api/users/displayUser Mon Jan 27 2025 23:08:37 GMT-0700 (Mountain Standard Time) 2025-01-28T06:08:37.282Z
GET localhost /api/users/displayUser Mon Jan 27 2025 23:10:10 GMT-0700 (Mountain Standard Time) 2025-01-28T06:10:10.183Z
