SyntaxError: Expected ',' or ']' after array element in JSON at position 561 (line 22 column 6)
    at JSON.parse (<anonymous>)
    at parse (/Users/priyankagupta/Documents/perscholas/sba318-express-server-app/node_modules/body-parser/lib/types/json.js:92:19)
    at /Users/priyankagupta/Documents/perscholas/sba318-express-server-app/node_modules/body-parser/lib/read.js:128:18
    at AsyncResource.runInAsyncScope (node:async_hooks:206:9)
    at invokeCallback (/Users/priyankagupta/Documents/perscholas/sba318-express-server-app/node_modules/raw-body/index.js:238:16)
    at done (/Users/priyankagupta/Documents/perscholas/sba318-express-server-app/node_modules/raw-body/index.js:227:7)
    at IncomingMessage.onEnd (/Users/priyankagupta/Documents/perscholas/sba318-express-server-app/node_modules/raw-body/index.js:287:7)
    at IncomingMessage.emit (node:events:519:28)
    at endReadableNT (node:internal/streams/readable:1696:12)
    at process.processTicksAndRejections (node:internal/process/task_queues:82:21) - 2025-01-28T02:48:17.490Z
SyntaxError: Expected ',' or ']' after array element in JSON at position 561 (line 22 column 6)
    at JSON.parse (<anonymous>)
    at parse (/Users/priyankagupta/Documents/perscholas/sba318-express-server-app/node_modules/body-parser/lib/types/json.js:92:19)
    at /Users/priyankagupta/Documents/perscholas/sba318-express-server-app/node_modules/body-parser/lib/read.js:128:18
    at AsyncResource.runInAsyncScope (node:async_hooks:206:9)
    at invokeCallback (/Users/priyankagupta/Documents/perscholas/sba318-express-server-app/node_modules/raw-body/index.js:238:16)
    at done (/Users/priyankagupta/Documents/perscholas/sba318-express-server-app/node_modules/raw-body/index.js:227:7)
    at IncomingMessage.onEnd (/Users/priyankagupta/Documents/perscholas/sba318-express-server-app/node_modules/raw-body/index.js:287:7)
    at IncomingMessage.emit (node:events:519:28)
    at endReadableNT (node:internal/streams/readable:1696:12)
    at process.processTicksAndRejections (node:internal/process/task_queues:82:21) - 2025-01-28T02:49:31.437Z
SyntaxError: Expected ',' or ']' after array element in JSON at position 561 (line 22 column 6)
    at JSON.parse (<anonymous>)
    at parse (/Users/priyankagupta/Documents/perscholas/sba318-express-server-app/node_modules/body-parser/lib/types/json.js:92:19)
    at /Users/priyankagupta/Documents/perscholas/sba318-express-server-app/node_modules/body-parser/lib/read.js:128:18
    at AsyncResource.runInAsyncScope (node:async_hooks:206:9)
    at invokeCallback (/Users/priyankagupta/Documents/perscholas/sba318-express-server-app/node_modules/raw-body/index.js:238:16)
    at done (/Users/priyankagupta/Documents/perscholas/sba318-express-server-app/node_modules/raw-body/index.js:227:7)
    at IncomingMessage.onEnd (/Users/priyankagupta/Documents/perscholas/sba318-express-server-app/node_modules/raw-body/index.js:287:7)
    at IncomingMessage.emit (node:events:519:28)
    at endReadableNT (node:internal/streams/readable:1696:12)
    at process.processTicksAndRejections (node:internal/process/task_queues:82:21) - 2025-01-28T02:51:01.589Z
SyntaxError: Expected ',' or ']' after array element in JSON at position 561 (line 22 column 6)
    at JSON.parse (<anonymous>)
    at parse (/Users/priyankagupta/Documents/perscholas/sba318-express-server-app/node_modules/body-parser/lib/types/json.js:92:19)
    at /Users/priyankagupta/Documents/perscholas/sba318-express-server-app/node_modules/body-parser/lib/read.js:128:18
    at AsyncResource.runInAsyncScope (node:async_hooks:206:9)
    at invokeCallback (/Users/priyankagupta/Documents/perscholas/sba318-express-server-app/node_modules/raw-body/index.js:238:16)
    at done (/Users/priyankagupta/Documents/perscholas/sba318-express-server-app/node_modules/raw-body/index.js:227:7)
    at IncomingMessage.onEnd (/Users/priyankagupta/Documents/perscholas/sba318-express-server-app/node_modules/raw-body/index.js:287:7)
    at IncomingMessage.emit (node:events:519:28)
    at endReadableNT (node:internal/streams/readable:1696:12)
    at process.processTicksAndRejections (node:internal/process/task_queues:82:21) - 2025-01-28T02:51:20.573Z
SyntaxError: Expected ',' or ']' after array element in JSON at position 561 (line 22 column 6)
    at JSON.parse (<anonymous>)
    at parse (/Users/priyankagupta/Documents/perscholas/sba318-express-server-app/node_modules/body-parser/lib/types/json.js:92:19)
    at /Users/priyankagupta/Documents/perscholas/sba318-express-server-app/node_modules/body-parser/lib/read.js:128:18
    at AsyncResource.runInAsyncScope (node:async_hooks:206:9)
    at invokeCallback (/Users/priyankagupta/Documents/perscholas/sba318-express-server-app/node_modules/raw-body/index.js:238:16)
    at done (/Users/priyankagupta/Documents/perscholas/sba318-express-server-app/node_modules/raw-body/index.js:227:7)
    at IncomingMessage.onEnd (/Users/priyankagupta/Documents/perscholas/sba318-express-server-app/node_modules/raw-body/index.js:287:7)
    at IncomingMessage.emit (node:events:519:28)
    at endReadableNT (node:internal/streams/readable:1696:12)
    at process.processTicksAndRejections (node:internal/process/task_queues:82:21) - 2025-01-28T05:51:20.460Z
SyntaxError: Expected ',' or ']' after array element in JSON at position 561 (line 22 column 6)
    at JSON.parse (<anonymous>)
    at parse (/Users/priyankagupta/Documents/perscholas/sba318-express-server-app/node_modules/body-parser/lib/types/json.js:92:19)
    at /Users/priyankagupta/Documents/perscholas/sba318-express-server-app/node_modules/body-parser/lib/read.js:128:18
    at AsyncResource.runInAsyncScope (node:async_hooks:206:9)
    at invokeCallback (/Users/priyankagupta/Documents/perscholas/sba318-express-server-app/node_modules/raw-body/index.js:238:16)
    at done (/Users/priyankagupta/Documents/perscholas/sba318-express-server-app/node_modules/raw-body/index.js:227:7)
    at IncomingMessage.onEnd (/Users/priyankagupta/Documents/perscholas/sba318-express-server-app/node_modules/raw-body/index.js:287:7)
    at IncomingMessage.emit (node:events:519:28)
    at endReadableNT (node:internal/streams/readable:1696:12)
    at process.processTicksAndRejections (node:internal/process/task_queues:82:21) - 2025-01-28T05:52:13.919Z
SyntaxError: Expected ',' or ']' after array element in JSON at position 561 (line 22 column 6)
    at JSON.parse (<anonymous>)
    at parse (/Users/priyankagupta/Documents/perscholas/sba318-express-server-app/node_modules/body-parser/lib/types/json.js:92:19)
    at /Users/priyankagupta/Documents/perscholas/sba318-express-server-app/node_modules/body-parser/lib/read.js:128:18
    at AsyncResource.runInAsyncScope (node:async_hooks:206:9)
    at invokeCallback (/Users/priyankagupta/Documents/perscholas/sba318-express-server-app/node_modules/raw-body/index.js:238:16)
    at done (/Users/priyankagupta/Documents/perscholas/sba318-express-server-app/node_modules/raw-body/index.js:227:7)
    at IncomingMessage.onEnd (/Users/priyankagupta/Documents/perscholas/sba318-express-server-app/node_modules/raw-body/index.js:287:7)
    at IncomingMessage.emit (node:events:519:28)
    at endReadableNT (node:internal/streams/readable:1696:12)
    at process.processTicksAndRejections (node:internal/process/task_queues:82:21) - 2025-01-28T05:52:34.066Z
SyntaxError: Expected ',' or ']' after array element in JSON at position 561 (line 22 column 6)
    at JSON.parse (<anonymous>)
    at parse (/Users/priyankagupta/Documents/perscholas/sba318-express-server-app/node_modules/body-parser/lib/types/json.js:92:19)
    at /Users/priyankagupta/Documents/perscholas/sba318-express-server-app/node_modules/body-parser/lib/read.js:128:18
    at AsyncResource.runInAsyncScope (node:async_hooks:206:9)
    at invokeCallback (/Users/priyankagupta/Documents/perscholas/sba318-express-server-app/node_modules/raw-body/index.js:238:16)
    at done (/Users/priyankagupta/Documents/perscholas/sba318-express-server-app/node_modules/raw-body/index.js:227:7)
    at IncomingMessage.onEnd (/Users/priyankagupta/Documents/perscholas/sba318-express-server-app/node_modules/raw-body/index.js:287:7)
    at IncomingMessage.emit (node:events:519:28)
    at endReadableNT (node:internal/streams/readable:1696:12)
    at process.processTicksAndRejections (node:internal/process/task_queues:82:21) - 2025-01-28T05:53:41.426Z
SyntaxError: Expected ',' or ']' after array element in JSON at position 561 (line 22 column 6)
    at JSON.parse (<anonymous>)
    at parse (/Users/priyankagupta/Documents/perscholas/sba318-express-server-app/node_modules/body-parser/lib/types/json.js:92:19)
    at /Users/priyankagupta/Documents/perscholas/sba318-express-server-app/node_modules/body-parser/lib/read.js:128:18
    at AsyncResource.runInAsyncScope (node:async_hooks:206:9)
    at invokeCallback (/Users/priyankagupta/Documents/perscholas/sba318-express-server-app/node_modules/raw-body/index.js:238:16)
    at done (/Users/priyankagupta/Documents/perscholas/sba318-express-server-app/node_modules/raw-body/index.js:227:7)
    at IncomingMessage.onEnd (/Users/priyankagupta/Documents/perscholas/sba318-express-server-app/node_modules/raw-body/index.js:287:7)
    at IncomingMessage.emit (node:events:519:28)
    at endReadableNT (node:internal/streams/readable:1696:12)
    at process.processTicksAndRejections (node:internal/process/task_queues:82:21) - 2025-01-28T05:53:59.314Z
SyntaxError: Expected ',' or ']' after array element in JSON at position 561 (line 22 column 6)
    at JSON.parse (<anonymous>)
    at parse (/Users/priyankagupta/Documents/perscholas/sba318-express-server-app/node_modules/body-parser/lib/types/json.js:92:19)
    at /Users/priyankagupta/Documents/perscholas/sba318-express-server-app/node_modules/body-parser/lib/read.js:128:18
    at AsyncResource.runInAsyncScope (node:async_hooks:206:9)
    at invokeCallback (/Users/priyankagupta/Documents/perscholas/sba318-express-server-app/node_modules/raw-body/index.js:238:16)
    at done (/Users/priyankagupta/Documents/perscholas/sba318-express-server-app/node_modules/raw-body/index.js:227:7)
    at IncomingMessage.onEnd (/Users/priyankagupta/Documents/perscholas/sba318-express-server-app/node_modules/raw-body/index.js:287:7)
    at IncomingMessage.emit (node:events:519:28)
    at endReadableNT (node:internal/streams/readable:1696:12)
    at process.processTicksAndRejections (node:internal/process/task_queues:82:21) - 2025-01-28T05:54:22.769Z
SyntaxError: Expected ',' or ']' after array element in JSON at position 561 (line 22 column 6)
    at JSON.parse (<anonymous>)
    at parse (/Users/priyankagupta/Documents/perscholas/sba318-express-server-app/node_modules/body-parser/lib/types/json.js:92:19)
    at /Users/priyankagupta/Documents/perscholas/sba318-express-server-app/node_modules/body-parser/lib/read.js:128:18
    at AsyncResource.runInAsyncScope (node:async_hooks:206:9)
    at invokeCallback (/Users/priyankagupta/Documents/perscholas/sba318-express-server-app/node_modules/raw-body/index.js:238:16)
    at done (/Users/priyankagupta/Documents/perscholas/sba318-express-server-app/node_modules/raw-body/index.js:227:7)
    at IncomingMessage.onEnd (/Users/priyankagupta/Documents/perscholas/sba318-express-server-app/node_modules/raw-body/index.js:287:7)
    at IncomingMessage.emit (node:events:519:28)
    at endReadableNT (node:internal/streams/readable:1696:12)
    at process.processTicksAndRejections (node:internal/process/task_queues:82:21) - 2025-01-28T05:54:39.629Z
SyntaxError: Expected ',' or ']' after array element in JSON at position 561 (line 22 column 6)
    at JSON.parse (<anonymous>)
    at parse (/Users/priyankagupta/Documents/perscholas/sba318-express-server-app/node_modules/body-parser/lib/types/json.js:92:19)
    at /Users/priyankagupta/Documents/perscholas/sba318-express-server-app/node_modules/body-parser/lib/read.js:128:18
    at AsyncResource.runInAsyncScope (node:async_hooks:206:9)
    at invokeCallback (/Users/priyankagupta/Documents/perscholas/sba318-express-server-app/node_modules/raw-body/index.js:238:16)
    at done (/Users/priyankagupta/Documents/perscholas/sba318-express-server-app/node_modules/raw-body/index.js:227:7)
    at IncomingMessage.onEnd (/Users/priyankagupta/Documents/perscholas/sba318-express-server-app/node_modules/raw-body/index.js:287:7)
    at IncomingMessage.emit (node:events:519:28)
    at endReadableNT (node:internal/streams/readable:1696:12)
    at process.processTicksAndRejections (node:internal/process/task_queues:82:21) - 2025-01-28T05:55:32.367Z
SyntaxError: Expected ',' or ']' after array element in JSON at position 561 (line 22 column 6)
    at JSON.parse (<anonymous>)
    at parse (/Users/priyankagupta/Documents/perscholas/sba318-express-server-app/node_modules/body-parser/lib/types/json.js:92:19)
    at /Users/priyankagupta/Documents/perscholas/sba318-express-server-app/node_modules/body-parser/lib/read.js:128:18
    at AsyncResource.runInAsyncScope (node:async_hooks:206:9)
    at invokeCallback (/Users/priyankagupta/Documents/perscholas/sba318-express-server-app/node_modules/raw-body/index.js:238:16)
    at done (/Users/priyankagupta/Documents/perscholas/sba318-express-server-app/node_modules/raw-body/index.js:227:7)
    at IncomingMessage.onEnd (/Users/priyankagupta/Documents/perscholas/sba318-express-server-app/node_modules/raw-body/index.js:287:7)
    at IncomingMessage.emit (node:events:519:28)
    at endReadableNT (node:internal/streams/readable:1696:12)
    at process.processTicksAndRejections (node:internal/process/task_queues:82:21) - 2025-01-28T05:55:45.424Z
SyntaxError: Expected ',' or ']' after array element in JSON at position 561 (line 22 column 6)
    at JSON.parse (<anonymous>)
    at parse (/Users/priyankagupta/Documents/perscholas/sba318-express-server-app/node_modules/body-parser/lib/types/json.js:92:19)
    at /Users/priyankagupta/Documents/perscholas/sba318-express-server-app/node_modules/body-parser/lib/read.js:128:18
    at AsyncResource.runInAsyncScope (node:async_hooks:206:9)
    at invokeCallback (/Users/priyankagupta/Documents/perscholas/sba318-express-server-app/node_modules/raw-body/index.js:238:16)
    at done (/Users/priyankagupta/Documents/perscholas/sba318-express-server-app/node_modules/raw-body/index.js:227:7)
    at IncomingMessage.onEnd (/Users/priyankagupta/Documents/perscholas/sba318-express-server-app/node_modules/raw-body/index.js:287:7)
    at IncomingMessage.emit (node:events:519:28)
    at endReadableNT (node:internal/streams/readable:1696:12)
    at process.processTicksAndRejections (node:internal/process/task_queues:82:21) - 2025-01-28T05:57:01.611Z
SyntaxError: Expected ',' or ']' after array element in JSON at position 528 (line 21 column 6)
    at JSON.parse (<anonymous>)
    at parse (/Users/priyankagupta/Documents/perscholas/sba318-express-server-app/node_modules/body-parser/lib/types/json.js:92:19)
    at /Users/priyankagupta/Documents/perscholas/sba318-express-server-app/node_modules/body-parser/lib/read.js:128:18
    at AsyncResource.runInAsyncScope (node:async_hooks:206:9)
    at invokeCallback (/Users/priyankagupta/Documents/perscholas/sba318-express-server-app/node_modules/raw-body/index.js:238:16)
    at done (/Users/priyankagupta/Documents/perscholas/sba318-express-server-app/node_modules/raw-body/index.js:227:7)
    at IncomingMessage.onEnd (/Users/priyankagupta/Documents/perscholas/sba318-express-server-app/node_modules/raw-body/index.js:287:7)
    at IncomingMessage.emit (node:events:519:28)
    at endReadableNT (node:internal/streams/readable:1696:12)
    at process.processTicksAndRejections (node:internal/process/task_queues:82:21) - 2025-01-28T05:59:00.273Z
SyntaxError: Expected ',' or ']' after array element in JSON at position 507 (line 19 column 6)
    at JSON.parse (<anonymous>)
    at parse (/Users/priyankagupta/Documents/perscholas/sba318-express-server-app/node_modules/body-parser/lib/types/json.js:92:19)
    at /Users/priyankagupta/Documents/perscholas/sba318-express-server-app/node_modules/body-parser/lib/read.js:128:18
    at AsyncResource.runInAsyncScope (node:async_hooks:206:9)
    at invokeCallback (/Users/priyankagupta/Documents/perscholas/sba318-express-server-app/node_modules/raw-body/index.js:238:16)
    at done (/Users/priyankagupta/Documents/perscholas/sba318-express-server-app/node_modules/raw-body/index.js:227:7)
    at IncomingMessage.onEnd (/Users/priyankagupta/Documents/perscholas/sba318-express-server-app/node_modules/raw-body/index.js:287:7)
    at IncomingMessage.emit (node:events:519:28)
    at endReadableNT (node:internal/streams/readable:1696:12)
    at process.processTicksAndRejections (node:internal/process/task_queues:82:21) - 2025-01-28T05:59:12.409Z
SyntaxError: Expected ',' or ']' after array element in JSON at position 507 (line 19 column 6)
    at JSON.parse (<anonymous>)
    at parse (/Users/priyankagupta/Documents/perscholas/sba318-express-server-app/node_modules/body-parser/lib/types/json.js:92:19)
    at /Users/priyankagupta/Documents/perscholas/sba318-express-server-app/node_modules/body-parser/lib/read.js:128:18
    at AsyncResource.runInAsyncScope (node:async_hooks:206:9)
    at invokeCallback (/Users/priyankagupta/Documents/perscholas/sba318-express-server-app/node_modules/raw-body/index.js:238:16)
    at done (/Users/priyankagupta/Documents/perscholas/sba318-express-server-app/node_modules/raw-body/index.js:227:7)
    at IncomingMessage.onEnd (/Users/priyankagupta/Documents/perscholas/sba318-express-server-app/node_modules/raw-body/index.js:287:7)
    at IncomingMessage.emit (node:events:519:28)
    at endReadableNT (node:internal/streams/readable:1696:12)
    at process.processTicksAndRejections (node:internal/process/task_queues:82:21) - 2025-01-28T05:59:48.827Z
SyntaxError: Expected ',' or ']' after array element in JSON at position 507 (line 19 column 6)
    at JSON.parse (<anonymous>)
    at parse (/Users/priyankagupta/Documents/perscholas/sba318-express-server-app/node_modules/body-parser/lib/types/json.js:92:19)
    at /Users/priyankagupta/Documents/perscholas/sba318-express-server-app/node_modules/body-parser/lib/read.js:128:18
    at AsyncResource.runInAsyncScope (node:async_hooks:206:9)
    at invokeCallback (/Users/priyankagupta/Documents/perscholas/sba318-express-server-app/node_modules/raw-body/index.js:238:16)
    at done (/Users/priyankagupta/Documents/perscholas/sba318-express-server-app/node_modules/raw-body/index.js:227:7)
    at IncomingMessage.onEnd (/Users/priyankagupta/Documents/perscholas/sba318-express-server-app/node_modules/raw-body/index.js:287:7)
    at IncomingMessage.emit (node:events:519:28)
    at endReadableNT (node:internal/streams/readable:1696:12)
    at process.processTicksAndRejections (node:internal/process/task_queues:82:21) - 2025-01-28T06:00:12.091Z
SyntaxError: Expected ',' or ']' after array element in JSON at position 507 (line 19 column 6)
    at JSON.parse (<anonymous>)
    at parse (/Users/priyankagupta/Documents/perscholas/sba318-express-server-app/node_modules/body-parser/lib/types/json.js:92:19)
    at /Users/priyankagupta/Documents/perscholas/sba318-express-server-app/node_modules/body-parser/lib/read.js:128:18
    at AsyncResource.runInAsyncScope (node:async_hooks:206:9)
    at invokeCallback (/Users/priyankagupta/Documents/perscholas/sba318-express-server-app/node_modules/raw-body/index.js:238:16)
    at done (/Users/priyankagupta/Documents/perscholas/sba318-express-server-app/node_modules/raw-body/index.js:227:7)
    at IncomingMessage.onEnd (/Users/priyankagupta/Documents/perscholas/sba318-express-server-app/node_modules/raw-body/index.js:287:7)
    at IncomingMessage.emit (node:events:519:28)
    at endReadableNT (node:internal/streams/readable:1696:12)
    at process.processTicksAndRejections (node:internal/process/task_queues:82:21) - 2025-01-28T06:00:46.027Z
Error: User Not found
    at error (/Users/priyankagupta/Documents/perscholas/sba318-express-server-app/utilities/error.js:2:13)
    at /Users/priyankagupta/Documents/perscholas/sba318-express-server-app/routes/user.js:67:12
    at Layer.handle [as handle_request] (/Users/priyankagupta/Documents/perscholas/sba318-express-server-app/node_modules/express/lib/router/layer.js:95:5)
    at next (/Users/priyankagupta/Documents/perscholas/sba318-express-server-app/node_modules/express/lib/router/route.js:149:13)
    at Route.dispatch (/Users/priyankagupta/Documents/perscholas/sba318-express-server-app/node_modules/express/lib/router/route.js:119:3)
    at Layer.handle [as handle_request] (/Users/priyankagupta/Documents/perscholas/sba318-express-server-app/node_modules/express/lib/router/layer.js:95:5)
    at /Users/priyankagupta/Documents/perscholas/sba318-express-server-app/node_modules/express/lib/router/index.js:284:15
    at param (/Users/priyankagupta/Documents/perscholas/sba318-express-server-app/node_modules/express/lib/router/index.js:365:14)
    at param (/Users/priyankagupta/Documents/perscholas/sba318-express-server-app/node_modules/express/lib/router/index.js:376:14)
    at Function.process_params (/Users/priyankagupta/Documents/perscholas/sba318-express-server-app/node_modules/express/lib/router/index.js:421:3) - 2025-01-28T06:08:11.893Z
Error: User Not found
    at error (/Users/priyankagupta/Documents/perscholas/sba318-express-server-app/utilities/error.js:2:13)
    at /Users/priyankagupta/Documents/perscholas/sba318-express-server-app/routes/user.js:67:12
    at Layer.handle [as handle_request] (/Users/priyankagupta/Documents/perscholas/sba318-express-server-app/node_modules/express/lib/router/layer.js:95:5)
    at next (/Users/priyankagupta/Documents/perscholas/sba318-express-server-app/node_modules/express/lib/router/route.js:149:13)
    at Route.dispatch (/Users/priyankagupta/Documents/perscholas/sba318-express-server-app/node_modules/express/lib/router/route.js:119:3)
    at Layer.handle [as handle_request] (/Users/priyankagupta/Documents/perscholas/sba318-express-server-app/node_modules/express/lib/router/layer.js:95:5)
    at /Users/priyankagupta/Documents/perscholas/sba318-express-server-app/node_modules/express/lib/router/index.js:284:15
    at param (/Users/priyankagupta/Documents/perscholas/sba318-express-server-app/node_modules/express/lib/router/index.js:365:14)
    at param (/Users/priyankagupta/Documents/perscholas/sba318-express-server-app/node_modules/express/lib/router/index.js:376:14)
    at Function.process_params (/Users/priyankagupta/Documents/perscholas/sba318-express-server-app/node_modules/express/lib/router/index.js:421:3) - 2025-01-28T06:08:17.232Z
